{
  "stats": {
    "suites": 1,
    "tests": 1,
    "passes": 1,
    "pending": 0,
    "failures": 0,
    "start": "2024-10-18T07:37:41.451Z",
    "end": "2024-10-18T07:38:19.276Z",
    "duration": 37825,
    "testsRegistered": 1,
    "passPercent": 100,
    "pendingPercent": 0,
    "other": 0,
    "hasOther": false,
    "skipped": 0,
    "hasSkipped": false
  },
  "results": [
    {
      "uuid": "38c7c39b-28c9-4fcf-8dd7-1d1aa4ee4fb0",
      "title": "",
      "fullFile": "cypress\\e2e\\login.cy.js",
      "file": "cypress\\e2e\\login.cy.js",
      "beforeHooks": [],
      "afterHooks": [],
      "tests": [],
      "suites": [
        {
          "uuid": "afcc01cb-3859-4869-bcc5-8085abc31ca6",
          "title": "Login Test",
          "fullFile": "",
          "file": "",
          "beforeHooks": [],
          "afterHooks": [],
          "tests": [
            {
              "title": "Success login to dashboard",
              "fullTitle": "Login Test Success login to dashboard",
              "timedOut": null,
              "duration": 33977,
              "state": "passed",
              "speed": "slow",
              "pass": true,
              "fail": false,
              "pending": false,
              "context": null,
              "code": "// Buka halaman login\ncy.visit(\"https://opensource-demo.orangehrmlive.com/\"); // Ganti dengan URL halaman login Anda\ncy.wait(5000);\n// Input username\ncy.get('input[name=\"username\"]').type(\"Admin\");\n// Input password\ncy.get('input[name=\"password\"]').type(\"admin123\");\n// Klik tombol login\ncy.get('button[type=\"submit\"]').click();\ncy.wait(5000);\n// Verifikasi apakah tulisan \"dashboard\" muncul di halaman setelah login\ncy.contains(\"Dashboard\").should(\"be.visible\");",
              "err": {},
              "uuid": "1257625a-2b67-4b19-8e50-09129dd8e6fd",
              "parentUUID": "afcc01cb-3859-4869-bcc5-8085abc31ca6",
              "isHook": false,
              "skipped": false
            }
          ],
          "suites": [],
          "passes": [
            "1257625a-2b67-4b19-8e50-09129dd8e6fd"
          ],
          "failures": [],
          "pending": [],
          "skipped": [],
          "duration": 33977,
          "root": false,
          "rootEmpty": false,
          "_timeout": 2000
        }
      ],
      "passes": [],
      "failures": [],
      "pending": [],
      "skipped": [],
      "duration": 0,
      "root": true,
      "rootEmpty": true,
      "_timeout": 2000
    }
  ],
  "meta": {
    "mocha": {
      "version": "7.0.1"
    },
    "mochawesome": {
      "options": {
        "quiet": false,
        "reportFilename": "mochawesome",
        "saveHtml": true,
        "saveJson": true,
        "consoleReporter": "spec",
        "useInlineDiffs": false,
        "code": true
      },
      "version": "7.1.3"
    },
    "marge": {
      "options": {
        "reportDir": "cypress/reports/mochawesome-report",
        "overwrite": false,
        "html": true,
        "json": true
      },
      "version": "6.2.0"
    }
  }
}