{
  "stats": {
    "suites": 1,
    "tests": 1,
    "passes": 0,
    "pending": 0,
    "failures": 1,
    "start": "2024-10-18T07:34:28.223Z",
    "end": "2024-10-18T07:34:45.083Z",
    "duration": 16860,
    "testsRegistered": 1,
    "passPercent": 0,
    "pendingPercent": 0,
    "other": 0,
    "hasOther": false,
    "skipped": 0,
    "hasSkipped": false
  },
  "results": [
    {
      "uuid": "73e830ee-4c82-4f64-a2ca-6529a4802ed2",
      "title": "",
      "fullFile": "cypress\\e2e\\login.cy.js",
      "file": "cypress\\e2e\\login.cy.js",
      "beforeHooks": [],
      "afterHooks": [],
      "tests": [],
      "suites": [
        {
          "uuid": "22d4bf38-ead8-4c80-9369-1b857dca7ace",
          "title": "Login Test",
          "fullFile": "",
          "file": "",
          "beforeHooks": [],
          "afterHooks": [],
          "tests": [
            {
              "title": "should open the browser, input username and password, and click login",
              "fullTitle": "Login Test should open the browser, input username and password, and click login",
              "timedOut": null,
              "duration": 13408,
              "state": "failed",
              "speed": null,
              "pass": false,
              "fail": true,
              "pending": false,
              "context": null,
              "code": "// Buka halaman login\ncy.visit(\"https://opensource-demo.orangehrmlive.com/\"); // Ganti dengan URL halaman login Anda\ncy.wait(5000);\n// Input username\ncy.get('input[name=\"username\"]').type(\"Admin\"); // Ganti dengan selector dan username yang benar\n// Input password\ncy.get('input[name=\"password\"]').type(\"admin123\"); // Ganti dengan selector dan password yang benar\n// Klik tombol login\ncy.get('button[type=\"submit\"]').click(); // Ganti dengan selector tombol login yang benar\ncy.wait(5000);\n// Verifikasi apakah tulisan \"dashboard\" muncul di halaman setelah login\ncy.contains(\"Dashboard\").should(\"be.visible\"); // Ganti \"Dashboard\" dengan teks yang sesuai yang muncul setelah login",
              "err": {
                "message": "AssertionError: Timed out retrying after 4000ms: Expected to find element: `input[name=\"username\"]`, but never found it.",
                "estack": "AssertionError: Timed out retrying after 4000ms: Expected to find element: `input[name=\"username\"]`, but never found it.\n    at Context.eval (webpack:///./cypress/e2e/login.cy.js:8:7)",
                "diff": null
              },
              "uuid": "59a6a12c-ba07-4afd-bcf6-9fa0938d6a24",
              "parentUUID": "22d4bf38-ead8-4c80-9369-1b857dca7ace",
              "isHook": false,
              "skipped": false
            }
          ],
          "suites": [],
          "passes": [],
          "failures": [
            "59a6a12c-ba07-4afd-bcf6-9fa0938d6a24"
          ],
          "pending": [],
          "skipped": [],
          "duration": 13408,
          "root": false,
          "rootEmpty": false,
          "_timeout": 2000
        }
      ],
      "passes": [],
      "failures": [],
      "pending": [],
      "skipped": [],
      "duration": 0,
      "root": true,
      "rootEmpty": true,
      "_timeout": 2000
    }
  ],
  "meta": {
    "mocha": {
      "version": "7.0.1"
    },
    "mochawesome": {
      "options": {
        "quiet": false,
        "reportFilename": "mochawesome",
        "saveHtml": true,
        "saveJson": true,
        "consoleReporter": "spec",
        "useInlineDiffs": false,
        "code": true
      },
      "version": "7.1.3"
    },
    "marge": {
      "options": {
        "reportDir": "cypress/reports/mochawesome-report",
        "overwrite": false,
        "html": true,
        "json": true
      },
      "version": "6.2.0"
    }
  }
}