{
  "stats": {
    "suites": 1,
    "tests": 1,
    "passes": 1,
    "pending": 0,
    "failures": 0,
    "start": "2024-10-18T07:35:15.421Z",
    "end": "2024-10-18T07:36:32.176Z",
    "duration": 76755,
    "testsRegistered": 1,
    "passPercent": 100,
    "pendingPercent": 0,
    "other": 0,
    "hasOther": false,
    "skipped": 0,
    "hasSkipped": false
  },
  "results": [
    {
      "uuid": "e60cba0e-16bc-4cd5-8320-097a6133d98a",
      "title": "",
      "fullFile": "cypress\\e2e\\login.cy.js",
      "file": "cypress\\e2e\\login.cy.js",
      "beforeHooks": [],
      "afterHooks": [],
      "tests": [],
      "suites": [
        {
          "uuid": "c7a7526a-0f72-407a-8224-7f701257dbd9",
          "title": "Login Test",
          "fullFile": "",
          "file": "",
          "beforeHooks": [],
          "afterHooks": [],
          "tests": [
            {
              "title": "should open the browser, input username and password, and click login",
              "fullTitle": "Login Test should open the browser, input username and password, and click login",
              "timedOut": null,
              "duration": 59151,
              "state": "passed",
              "speed": "slow",
              "pass": true,
              "fail": false,
              "pending": false,
              "context": null,
              "code": "// Buka halaman login\ncy.visit(\"https://opensource-demo.orangehrmlive.com/\"); // Ganti dengan URL halaman login Anda\ncy.wait(5000);\n// Input username\ncy.get('input[name=\"username\"]').type(\"Admin\"); // Ganti dengan selector dan username yang benar\n// Input password\ncy.get('input[name=\"password\"]').type(\"admin123\"); // Ganti dengan selector dan password yang benar\n// Klik tombol login\ncy.get('button[type=\"submit\"]').click(); // Ganti dengan selector tombol login yang benar\ncy.wait(5000);\n// Verifikasi apakah tulisan \"dashboard\" muncul di halaman setelah login\ncy.contains(\"Dashboard\").should(\"be.visible\"); // Ganti \"Dashboard\" dengan teks yang sesuai yang muncul setelah login",
              "err": {},
              "uuid": "a9a2c1d7-554d-43a1-96ed-262a933f4b8b",
              "parentUUID": "c7a7526a-0f72-407a-8224-7f701257dbd9",
              "isHook": false,
              "skipped": false
            }
          ],
          "suites": [],
          "passes": [
            "a9a2c1d7-554d-43a1-96ed-262a933f4b8b"
          ],
          "failures": [],
          "pending": [],
          "skipped": [],
          "duration": 59151,
          "root": false,
          "rootEmpty": false,
          "_timeout": 2000
        }
      ],
      "passes": [],
      "failures": [],
      "pending": [],
      "skipped": [],
      "duration": 0,
      "root": true,
      "rootEmpty": true,
      "_timeout": 2000
    }
  ],
  "meta": {
    "mocha": {
      "version": "7.0.1"
    },
    "mochawesome": {
      "options": {
        "quiet": false,
        "reportFilename": "mochawesome",
        "saveHtml": true,
        "saveJson": true,
        "consoleReporter": "spec",
        "useInlineDiffs": false,
        "code": true
      },
      "version": "7.1.3"
    },
    "marge": {
      "options": {
        "reportDir": "cypress/reports/mochawesome-report",
        "overwrite": false,
        "html": true,
        "json": true
      },
      "version": "6.2.0"
    }
  }
}