{
  "stats": {
    "suites": 1,
    "tests": 1,
    "passes": 0,
    "pending": 0,
    "failures": 1,
    "start": "2024-10-18T07:29:54.842Z",
    "end": "2024-10-18T07:30:31.164Z",
    "duration": 36322,
    "testsRegistered": 1,
    "passPercent": 0,
    "pendingPercent": 0,
    "other": 0,
    "hasOther": false,
    "skipped": 0,
    "hasSkipped": false
  },
  "results": [
    {
      "uuid": "6ec0a5de-1f8d-4925-9ec2-5e11a9f6b49f",
      "title": "",
      "fullFile": "cypress\\e2e\\login.cy.js",
      "file": "cypress\\e2e\\login.cy.js",
      "beforeHooks": [],
      "afterHooks": [],
      "tests": [],
      "suites": [
        {
          "uuid": "72e25e78-4f52-41d2-a2b9-1ecce05aceb0",
          "title": "Login Test",
          "fullFile": "",
          "file": "",
          "beforeHooks": [],
          "afterHooks": [],
          "tests": [
            {
              "title": "should open the browser, input username and password, and click login",
              "fullTitle": "Login Test should open the browser, input username and password, and click login",
              "timedOut": null,
              "duration": 36252,
              "state": "failed",
              "speed": null,
              "pass": false,
              "fail": true,
              "pending": false,
              "context": null,
              "code": "// Buka halaman login\ncy.visit(\"https://opensource-demo.orangehrmlive.com/\"); // Ganti dengan URL halaman login Anda\ncy.wait(5000);\n// Input username\ncy.get('input[name=\"username\"]').type(\"Admin\"); // Ganti dengan selector dan username yang benar\n// Input password\ncy.get('input[name=\"password\"]').type(\"admin123\"); // Ganti dengan selector dan password yang benar\n// Klik tombol login\ncy.get('button[type=\"submit\"]').click(); // Ganti dengan selector tombol login yang benar\ncy.wait(5000);\n// Verifikasi apakah tulisan \"dashboard\" muncul di halaman setelah login\ncy.contains(\"Dashboard\").should(\"be.visible\"); // Ganti \"Dashboard\" dengan teks yang sesuai yang muncul setelah login",
              "err": {
                "message": "CypressError: `cy.visit()` failed trying to load:\n\nhttps://opensource-demo.orangehrmlive.com/\n\nWe attempted to make an http request to this URL but the request failed without a response.\n\nWe received this error at the network level:\n\n  > Error: connect ETIMEDOUT 34.205.40.6:443\n\nCommon situations why this would fail:\n  - you don't have internet access\n  - you forgot to run / boot your web server\n  - your web server isn't accessible\n  - you have weird network configuration settings on your computer",
                "estack": "CypressError: `cy.visit()` failed trying to load:\n\nhttps://opensource-demo.orangehrmlive.com/\n\nWe attempted to make an http request to this URL but the request failed without a response.\n\nWe received this error at the network level:\n\n  > Error: connect ETIMEDOUT 34.205.40.6:443\n\nCommon situations why this would fail:\n  - you don't have internet access\n  - you forgot to run / boot your web server\n  - your web server isn't accessible\n  - you have weird network configuration settings on your computer\n    at <unknown> (http://localhost:52931/__cypress/runner/cypress_runner.js:131650:74)\n    at visitFailedByErr (http://localhost:52931/__cypress/runner/cypress_runner.js:131049:12)\n    at <unknown> (http://localhost:52931/__cypress/runner/cypress_runner.js:131649:11)\n    at tryCatcher (http://localhost:52931/__cypress/runner/cypress_runner.js:1807:23)\n    at Promise._settlePromiseFromHandler (http://localhost:52931/__cypress/runner/cypress_runner.js:1519:31)\n    at Promise._settlePromise (http://localhost:52931/__cypress/runner/cypress_runner.js:1576:18)\n    at Promise._settlePromise0 (http://localhost:52931/__cypress/runner/cypress_runner.js:1621:10)\n    at Promise._settlePromises (http://localhost:52931/__cypress/runner/cypress_runner.js:1697:18)\n    at _drainQueueStep (http://localhost:52931/__cypress/runner/cypress_runner.js:2407:12)\n    at _drainQueue (http://localhost:52931/__cypress/runner/cypress_runner.js:2400:9)\n    at Async._drainQueues (http://localhost:52931/__cypress/runner/cypress_runner.js:2416:5)\n    at Async.drainQueues (http://localhost:52931/__cypress/runner/cypress_runner.js:2286:14)\nFrom Your Spec Code:\n    at Context.eval (webpack:///./cypress/e2e/login.cy.js:4:7)\n\nFrom Node.js Internals:\n  Error: connect ETIMEDOUT 34.205.40.6:443\n      at TCPConnectWrap.afterConnect [as oncomplete] (node:net:1495:16)",
                "diff": null
              },
              "uuid": "0acdfd9d-da0e-4a08-b2f2-b44557f8668d",
              "parentUUID": "72e25e78-4f52-41d2-a2b9-1ecce05aceb0",
              "isHook": false,
              "skipped": false
            }
          ],
          "suites": [],
          "passes": [],
          "failures": [
            "0acdfd9d-da0e-4a08-b2f2-b44557f8668d"
          ],
          "pending": [],
          "skipped": [],
          "duration": 36252,
          "root": false,
          "rootEmpty": false,
          "_timeout": 2000
        }
      ],
      "passes": [],
      "failures": [],
      "pending": [],
      "skipped": [],
      "duration": 0,
      "root": true,
      "rootEmpty": true,
      "_timeout": 2000
    }
  ],
  "meta": {
    "mocha": {
      "version": "7.0.1"
    },
    "mochawesome": {
      "options": {
        "quiet": false,
        "reportFilename": "mochawesome",
        "saveHtml": true,
        "saveJson": true,
        "consoleReporter": "spec",
        "useInlineDiffs": false,
        "code": true
      },
      "version": "7.1.3"
    },
    "marge": {
      "options": {
        "reportDir": "cypress/reports/mochawesome-report",
        "overwrite": false,
        "html": true,
        "json": true
      },
      "version": "6.2.0"
    }
  }
}